android/app/build/intermediates/manifest_merge_blame_file/debug/manifest-merger-blame-debug-report.txt
1<?xml version="1.0" encoding="utf-8"?>
2<manifest xmlns:android="http://schemas.android.com/apk/res/android"
3    package="com.simicart"
4    android:versionCode="1"
5    android:versionName="0.1.0" >
6
7    <uses-sdk
8        android:minSdkVersion="21"
8-->src\main\AndroidManifest.xml
9        android:targetSdkVersion="30" />
9-->src\main\AndroidManifest.xml
10
11    <uses-permission android:name="android.permission.INTERNET" />
11-->src\main\AndroidManifest.xml:5:5-67
11-->src\main\AndroidManifest.xml:5:22-64
12    <uses-permission android:name="android.permission.SYSTEM_ALERT_WINDOW" />
12-->src\main\AndroidManifest.xml:6:5-78
12-->src\main\AndroidManifest.xml:6:22-75
13    <uses-permission android:name="android.permission.ACCESS_FINE_LOCATION" />
13-->src\main\AndroidManifest.xml:7:5-79
13-->src\main\AndroidManifest.xml:7:22-76
14    <uses-permission android:name="android.permission.ACCESS_COARSE_LOCATION" />
14-->src\main\AndroidManifest.xml:8:5-81
14-->src\main\AndroidManifest.xml:8:22-78
15    <uses-permission android:name="android.permission.WRITE_EXTERNAL_STORAGE" />
15-->src\main\AndroidManifest.xml:9:5-80
15-->src\main\AndroidManifest.xml:9:22-78
16    <uses-permission android:name="android.permission.CAMERA" />
16-->src\main\AndroidManifest.xml:10:5-65
16-->src\main\AndroidManifest.xml:10:22-62
17    <uses-permission android:name="android.permission.VIBRATE" />
17-->[:react-native-awesome-card-io] AndroidManifest.xml:9:5-66
17-->[:react-native-awesome-card-io] AndroidManifest.xml:9:22-63
18
19    <uses-feature
19-->[:react-native-awesome-card-io] AndroidManifest.xml:12:5-14:36
20        android:name="android.hardware.camera"
20-->[:react-native-awesome-card-io] AndroidManifest.xml:13:9-47
21        android:required="false" />
21-->[:react-native-awesome-card-io] AndroidManifest.xml:14:9-33
22    <uses-feature
22-->[:react-native-awesome-card-io] AndroidManifest.xml:15:5-17:36
23        android:name="android.hardware.camera.autofocus"
23-->[:react-native-awesome-card-io] AndroidManifest.xml:16:9-57
24        android:required="false" />
24-->[:react-native-awesome-card-io] AndroidManifest.xml:17:9-33
25    <uses-feature
25-->[:react-native-awesome-card-io] AndroidManifest.xml:18:5-20:36
26        android:name="android.hardware.camera.flash"
26-->[:react-native-awesome-card-io] AndroidManifest.xml:19:9-53
27        android:required="false" />
27-->[:react-native-awesome-card-io] AndroidManifest.xml:20:9-33
28
29    <uses-permission android:name="android.permission.ACCESS_NETWORK_STATE" />
29-->[:@react-native-community_netinfo] AndroidManifest.xml:9:5-79
29-->[:@react-native-community_netinfo] AndroidManifest.xml:9:22-76
30    <uses-permission android:name="android.permission.ACCESS_WIFI_STATE" />
30-->[:@react-native-community_netinfo] AndroidManifest.xml:10:5-76
30-->[:@react-native-community_netinfo] AndroidManifest.xml:10:22-73
31    <uses-permission android:name="android.permission.WAKE_LOCK" />
31-->[:react-native-firebase] AndroidManifest.xml:10:5-68
31-->[:react-native-firebase] AndroidManifest.xml:10:22-65
32
33    <uses-feature
33-->[com.google.android.gms:play-services-maps:17.0.0] AndroidManifest.xml:26:5-28:35
34        android:glEsVersion="0x00020000"
34-->[com.google.android.gms:play-services-maps:17.0.0] AndroidManifest.xml:27:9-41
35        android:required="true" /> <!-- Required by older versions of Google Play services to create IID tokens -->
35-->[com.google.android.gms:play-services-maps:17.0.0] AndroidManifest.xml:28:9-32
36    <uses-permission android:name="com.google.android.c2dm.permission.RECEIVE" /> <!-- Create a unique permission for your app and use it so only your app can receive your OneSignal messages. -->
36-->[com.google.android.gms:play-services-iid:17.0.0] AndroidManifest.xml:23:5-82
36-->[com.google.android.gms:play-services-iid:17.0.0] AndroidManifest.xml:23:22-79
37    <permission
37-->[com.onesignal:OneSignal:3.13.2] AndroidManifest.xml:7:5-9:47
38        android:name="com.simicart.permission.C2D_MESSAGE"
38-->[com.onesignal:OneSignal:3.13.2] AndroidManifest.xml:8:9-63
39        android:protectionLevel="signature" />
39-->[com.onesignal:OneSignal:3.13.2] AndroidManifest.xml:9:9-44
40
41    <uses-permission android:name="com.simicart.permission.C2D_MESSAGE" />
41-->[com.onesignal:OneSignal:3.13.2] AndroidManifest.xml:11:5-79
41-->[com.onesignal:OneSignal:3.13.2] AndroidManifest.xml:11:22-76
42    <!--
43 Use to restore notifications the user hasn't interacted with.
44         They could be missed notifications if the user reboots their device if this isn't in place.
45    -->
46    <uses-permission android:name="android.permission.RECEIVE_BOOT_COMPLETED" /> <!-- START: ShortcutBadger -->
46-->[com.onesignal:OneSignal:3.13.2] AndroidManifest.xml:29:5-81
46-->[com.onesignal:OneSignal:3.13.2] AndroidManifest.xml:29:22-78
47    <!-- Samsung -->
48    <uses-permission android:name="com.sec.android.provider.badge.permission.READ" />
48-->[com.onesignal:OneSignal:3.13.2] AndroidManifest.xml:31:5-86
48-->[com.onesignal:OneSignal:3.13.2] AndroidManifest.xml:31:22-83
49    <uses-permission android:name="com.sec.android.provider.badge.permission.WRITE" /> <!-- HTC -->
49-->[com.onesignal:OneSignal:3.13.2] AndroidManifest.xml:32:5-87
49-->[com.onesignal:OneSignal:3.13.2] AndroidManifest.xml:32:22-84
50    <uses-permission android:name="com.htc.launcher.permission.READ_SETTINGS" />
50-->[com.onesignal:OneSignal:3.13.2] AndroidManifest.xml:33:5-81
50-->[com.onesignal:OneSignal:3.13.2] AndroidManifest.xml:33:22-78
51    <uses-permission android:name="com.htc.launcher.permission.UPDATE_SHORTCUT" /> <!-- Sony -->
51-->[com.onesignal:OneSignal:3.13.2] AndroidManifest.xml:34:5-83
51-->[com.onesignal:OneSignal:3.13.2] AndroidManifest.xml:34:22-80
52    <uses-permission android:name="com.sonyericsson.home.permission.BROADCAST_BADGE" />
52-->[com.onesignal:OneSignal:3.13.2] AndroidManifest.xml:35:5-88
52-->[com.onesignal:OneSignal:3.13.2] AndroidManifest.xml:35:22-85
53    <uses-permission android:name="com.sonymobile.home.permission.PROVIDER_INSERT_BADGE" /> <!-- Apex -->
53-->[com.onesignal:OneSignal:3.13.2] AndroidManifest.xml:36:5-92
53-->[com.onesignal:OneSignal:3.13.2] AndroidManifest.xml:36:22-89
54    <uses-permission android:name="com.anddoes.launcher.permission.UPDATE_COUNT" /> <!-- Solid -->
54-->[com.onesignal:OneSignal:3.13.2] AndroidManifest.xml:37:5-84
54-->[com.onesignal:OneSignal:3.13.2] AndroidManifest.xml:37:22-81
55    <uses-permission android:name="com.majeur.launcher.permission.UPDATE_BADGE" /> <!-- Huawei -->
55-->[com.onesignal:OneSignal:3.13.2] AndroidManifest.xml:38:5-83
55-->[com.onesignal:OneSignal:3.13.2] AndroidManifest.xml:38:22-80
56    <uses-permission android:name="com.huawei.android.launcher.permission.CHANGE_BADGE" />
56-->[com.onesignal:OneSignal:3.13.2] AndroidManifest.xml:39:5-91
56-->[com.onesignal:OneSignal:3.13.2] AndroidManifest.xml:39:22-88
57    <uses-permission android:name="com.huawei.android.launcher.permission.READ_SETTINGS" />
57-->[com.onesignal:OneSignal:3.13.2] AndroidManifest.xml:40:5-92
57-->[com.onesignal:OneSignal:3.13.2] AndroidManifest.xml:40:22-89
58    <uses-permission android:name="com.huawei.android.launcher.permission.WRITE_SETTINGS" /> <!-- ZUK -->
58-->[com.onesignal:OneSignal:3.13.2] AndroidManifest.xml:41:5-93
58-->[com.onesignal:OneSignal:3.13.2] AndroidManifest.xml:41:22-90
59    <uses-permission android:name="android.permission.READ_APP_BADGE" /> <!-- OPPO -->
59-->[com.onesignal:OneSignal:3.13.2] AndroidManifest.xml:42:5-73
59-->[com.onesignal:OneSignal:3.13.2] AndroidManifest.xml:42:22-70
60    <uses-permission android:name="com.oppo.launcher.permission.READ_SETTINGS" />
60-->[com.onesignal:OneSignal:3.13.2] AndroidManifest.xml:43:5-82
60-->[com.onesignal:OneSignal:3.13.2] AndroidManifest.xml:43:22-79
61    <uses-permission android:name="com.oppo.launcher.permission.WRITE_SETTINGS" /> <!-- EvMe -->
61-->[com.onesignal:OneSignal:3.13.2] AndroidManifest.xml:44:5-83
61-->[com.onesignal:OneSignal:3.13.2] AndroidManifest.xml:44:22-80
62    <uses-permission android:name="me.everything.badger.permission.BADGE_COUNT_READ" />
62-->[com.onesignal:OneSignal:3.13.2] AndroidManifest.xml:45:5-88
62-->[com.onesignal:OneSignal:3.13.2] AndroidManifest.xml:45:22-85
63    <uses-permission android:name="me.everything.badger.permission.BADGE_COUNT_WRITE" />
63-->[com.onesignal:OneSignal:3.13.2] AndroidManifest.xml:46:5-89
63-->[com.onesignal:OneSignal:3.13.2] AndroidManifest.xml:46:22-86
64    <uses-permission android:name="com.google.android.finsky.permission.BIND_GET_INSTALL_REFERRER_SERVICE" />
64-->[com.google.android.gms:play-services-measurement:17.2.0] AndroidManifest.xml:26:5-110
64-->[com.google.android.gms:play-services-measurement:17.2.0] AndroidManifest.xml:26:22-107
65
66    <application
66-->src\main\AndroidManifest.xml:13:5-91:19
67        android:name="com.simicart.MainApplication"
67-->src\main\AndroidManifest.xml:16:9-40
68        android:debuggable="true"
69        android:icon="@drawable/ic_launcher"
69-->src\main\AndroidManifest.xml:17:9-45
70        android:label="@string/app_name"
70-->src\main\AndroidManifest.xml:18:9-41
71        android:largeHeap="true"
71-->src\main\AndroidManifest.xml:14:9-33
72        android:networkSecurityConfig="@xml/network_security_config"
72-->src\main\AndroidManifest.xml:15:9-69
73        android:supportsRtl="true"
73-->[com.facebook.android:facebook-android-sdk:12.3.0] AndroidManifest.xml:28:18-44
74        android:theme="@style/AppTheme" >
74-->src\main\AndroidManifest.xml:19:9-40
75        <activity
75-->src\main\AndroidManifest.xml:21:9-49:20
76            android:name="com.simicart.MainActivity"
76-->src\main\AndroidManifest.xml:22:13-41
77            android:configChanges="keyboard|keyboardHidden|orientation|screenSize"
77-->src\main\AndroidManifest.xml:24:13-83
78            android:exported="true"
78-->src\main\AndroidManifest.xml:23:13-36
79            android:label="@string/app_name"
79-->src\main\AndroidManifest.xml:25:13-45
80            android:launchMode="singleTop"
80-->src\main\AndroidManifest.xml:27:13-43
81            android:windowSoftInputMode="adjustResize" >
81-->src\main\AndroidManifest.xml:26:13-55
82            <intent-filter>
82-->src\main\AndroidManifest.xml:28:13-31:29
83                <action android:name="android.intent.action.MAIN" />
83-->src\main\AndroidManifest.xml:29:17-69
83-->src\main\AndroidManifest.xml:29:25-66
84
85                <category android:name="android.intent.category.LAUNCHER" />
85-->src\main\AndroidManifest.xml:30:17-77
85-->src\main\AndroidManifest.xml:30:27-74
86            </intent-filter>
87            <intent-filter android:autoVerify="true" >
87-->src\main\AndroidManifest.xml:32:13-39:29
87-->src\main\AndroidManifest.xml:33:17-42
88                <action android:name="android.intent.action.VIEW" />
88-->src\main\AndroidManifest.xml:34:17-69
88-->src\main\AndroidManifest.xml:34:25-66
89
90                <category android:name="android.intent.category.DEFAULT" />
90-->src\main\AndroidManifest.xml:36:17-76
90-->src\main\AndroidManifest.xml:36:27-73
91                <category android:name="android.intent.category.BROWSABLE" />
91-->src\main\AndroidManifest.xml:37:17-78
91-->src\main\AndroidManifest.xml:37:27-75
92
93                <data android:scheme="FB_SCHEME" />
93-->src\main\AndroidManifest.xml:38:17-52
93-->src\main\AndroidManifest.xml:38:23-49
94            </intent-filter>
95            <intent-filter android:autoVerify="true" >
95-->src\main\AndroidManifest.xml:40:13-48:29
95-->src\main\AndroidManifest.xml:41:17-42
96                <action android:name="android.intent.action.VIEW" />
96-->src\main\AndroidManifest.xml:34:17-69
96-->src\main\AndroidManifest.xml:34:25-66
97
98                <category android:name="android.intent.category.DEFAULT" />
98-->src\main\AndroidManifest.xml:36:17-76
98-->src\main\AndroidManifest.xml:36:27-73
99                <category android:name="android.intent.category.BROWSABLE" />
99-->src\main\AndroidManifest.xml:37:17-78
99-->src\main\AndroidManifest.xml:37:27-75
100
101                <data
101-->src\main\AndroidManifest.xml:38:17-52
102                    android:host="stage.cloud9albahar.com"
102-->src\main\AndroidManifest.xml:46:23-61
103                    android:scheme="http" />
103-->src\main\AndroidManifest.xml:38:23-49
104                <data
104-->src\main\AndroidManifest.xml:38:17-52
105                    android:host="stage.cloud9albahar.com"
105-->src\main\AndroidManifest.xml:46:23-61
106                    android:scheme="https" />
106-->src\main\AndroidManifest.xml:38:23-49
107            </intent-filter>
108        </activity>
109        <activity
109-->src\main\AndroidManifest.xml:50:9-53:15
110            android:name="com.facebook.react.devsupport.DevSettingsActivity"
110-->src\main\AndroidManifest.xml:51:13-77
111            android:exported="true" />
111-->src\main\AndroidManifest.xml:52:14-37
112
113        <!--
114        <service android:name="io.invertase.firebase.messaging.RNFirebaseMessagingService">
115            <intent-filter>
116                <action android:name="com.google.firebase.MESSAGING_EVENT" />
117            </intent-filter>
118        </service>
119        -->
120        <service android:name="io.invertase.firebase.messaging.RNFirebaseInstanceIdService" >
120-->src\main\AndroidManifest.xml:60:9-64:19
120-->src\main\AndroidManifest.xml:60:18-92
121            <intent-filter>
121-->src\main\AndroidManifest.xml:61:13-63:29
122                <action android:name="com.google.firebase.INSTANCE_ID_EVENT" />
122-->src\main\AndroidManifest.xml:62:17-80
122-->src\main\AndroidManifest.xml:62:25-77
123            </intent-filter>
124        </service>
125        <service android:name="io.invertase.firebase.messaging.RNFirebaseBackgroundMessagingService" />
125-->src\main\AndroidManifest.xml:65:9-104
125-->src\main\AndroidManifest.xml:65:18-101
126
127        <meta-data
127-->src\main\AndroidManifest.xml:67:9-69:52
128            android:name="com.google.firebase.messaging.default_notification_icon"
128-->src\main\AndroidManifest.xml:68:9-79
129            android:resource="@drawable/ic_launcher" />
129-->src\main\AndroidManifest.xml:69:9-49
130
131        <provider
132            android:name="com.facebook.FacebookContentProvider"
132-->src\main\AndroidManifest.xml:72:9-60
133            android:authorities="com.simicartcom.facebook.app.FacebookContentProvider460399254151506"
133-->src\main\AndroidManifest.xml:73:9-102
134            android:exported="true" />
134-->src\main\AndroidManifest.xml:74:9-32
135
136        <meta-data
136-->src\main\AndroidManifest.xml:76:9-78:51
137            android:name="com.facebook.sdk.ApplicationId"
137-->src\main\AndroidManifest.xml:77:9-54
138            android:value="@string/facebook_app_id" />
138-->src\main\AndroidManifest.xml:78:9-48
139        <meta-data
139-->src\main\AndroidManifest.xml:80:9-82:68
140            android:name="io.fabric.ApiKey"
140-->src\main\AndroidManifest.xml:81:9-40
141            android:value="e2841d7a32176e6836f057cfd9e9fb2b1eeef0a3" />
141-->src\main\AndroidManifest.xml:82:9-65
142        <meta-data
142-->src\main\AndroidManifest.xml:84:9-86:66
143            android:name="com.google.android.geo.API_KEY"
143-->src\main\AndroidManifest.xml:85:9-54
144            android:value="AIzaSyDhu7FvcqOoX1OfzkauMhFNuKBM2aKI78k" />
144-->src\main\AndroidManifest.xml:86:9-64
145
146        <uses-library
146-->src\main\AndroidManifest.xml:88:9-89:74
147            android:name="org.apache.http.legacy"
147-->src\main\AndroidManifest.xml:89:9-46
148            android:required="false" />
148-->src\main\AndroidManifest.xml:89:47-71
149
150        <provider
150-->[com.crashlytics.sdk.android:crashlytics:2.9.2] AndroidManifest.xml:12:9-16:39
151            android:name="com.crashlytics.android.CrashlyticsInitProvider"
151-->[com.crashlytics.sdk.android:crashlytics:2.9.2] AndroidManifest.xml:13:13-75
152            android:authorities="com.simicart.crashlyticsinitprovider"
152-->[com.crashlytics.sdk.android:crashlytics:2.9.2] AndroidManifest.xml:14:13-75
153            android:exported="false"
153-->[com.crashlytics.sdk.android:crashlytics:2.9.2] AndroidManifest.xml:15:13-37
154            android:initOrder="100" />
154-->[com.crashlytics.sdk.android:crashlytics:2.9.2] AndroidManifest.xml:16:13-36
155        <provider
155-->[:react-native-image-picker] AndroidManifest.xml:10:9-18:20
156            android:name="com.imagepicker.ImagePickerProvider"
156-->[:react-native-image-picker] AndroidManifest.xml:11:13-63
157            android:authorities="com.simicart.imagepickerprovider"
157-->[:react-native-image-picker] AndroidManifest.xml:12:13-71
158            android:exported="false"
158-->[:react-native-image-picker] AndroidManifest.xml:13:13-37
159            android:grantUriPermissions="true" >
159-->[:react-native-image-picker] AndroidManifest.xml:14:13-47
160            <meta-data
160-->[:react-native-image-picker] AndroidManifest.xml:15:13-17:70
161                android:name="android.support.FILE_PROVIDER_PATHS"
161-->[:react-native-image-picker] AndroidManifest.xml:16:17-67
162                android:resource="@xml/imagepicker_provider_paths" />
162-->[:react-native-image-picker] AndroidManifest.xml:17:17-67
163        </provider>
164        <provider
164-->[:react-native-webview] AndroidManifest.xml:10:9-18:20
165            android:name="com.reactnativecommunity.webview.RNCWebViewFileProvider"
165-->[:react-native-webview] AndroidManifest.xml:11:13-83
166            android:authorities="com.simicart.fileprovider"
166-->[:react-native-webview] AndroidManifest.xml:12:13-64
167            android:exported="false"
167-->[:react-native-webview] AndroidManifest.xml:13:13-37
168            android:grantUriPermissions="true" >
168-->[:react-native-webview] AndroidManifest.xml:14:13-47
169            <meta-data
169-->[:react-native-image-picker] AndroidManifest.xml:15:13-17:70
170                android:name="android.support.FILE_PROVIDER_PATHS"
170-->[:react-native-image-picker] AndroidManifest.xml:16:17-67
171                android:resource="@xml/file_provider_paths" />
171-->[:react-native-image-picker] AndroidManifest.xml:17:17-67
172        </provider>
173
174        <meta-data
174-->[:@sentry_react-native] AndroidManifest.xml:13:9-15:37
175            android:name="io.sentry.auto-init"
175-->[:@sentry_react-native] AndroidManifest.xml:14:13-47
176            android:value="false" />
176-->[:@sentry_react-native] AndroidManifest.xml:15:13-34
177
178        <service
178-->[:react-native-firebase] AndroidManifest.xml:14:9-18:19
179            android:name="com.google.firebase.components.ComponentDiscoveryService"
179-->[:react-native-firebase] AndroidManifest.xml:14:18-89
180            android:exported="false" >
180-->[com.google.android.gms:play-services-measurement-api:17.2.0] AndroidManifest.xml:29:13-37
181            <meta-data
181-->[:react-native-firebase] AndroidManifest.xml:15:13-17:85
182                android:name="com.google.firebase.components:io.invertase.firebase.ReactNativeFirebaseAppRegistrar"
182-->[:react-native-firebase] AndroidManifest.xml:16:17-116
183                android:value="com.google.firebase.components.ComponentRegistrar" />
183-->[:react-native-firebase] AndroidManifest.xml:17:17-82
184            <meta-data
184-->[com.google.android.gms:play-services-measurement-api:17.2.0] AndroidManifest.xml:30:13-32:85
185                android:name="com.google.firebase.components:com.google.firebase.analytics.connector.internal.AnalyticsConnectorRegistrar"
185-->[com.google.android.gms:play-services-measurement-api:17.2.0] AndroidManifest.xml:31:17-139
186                android:value="com.google.firebase.components.ComponentRegistrar" />
186-->[com.google.android.gms:play-services-measurement-api:17.2.0] AndroidManifest.xml:32:17-82
187            <meta-data
187-->[com.google.firebase:firebase-iid:20.0.0] AndroidManifest.xml:32:13-34:85
188                android:name="com.google.firebase.components:com.google.firebase.iid.Registrar"
188-->[com.google.firebase:firebase-iid:20.0.0] AndroidManifest.xml:33:17-96
189                android:value="com.google.firebase.components.ComponentRegistrar" />
189-->[com.google.firebase:firebase-iid:20.0.0] AndroidManifest.xml:34:17-82
190        </service>
191
192        <activity
192-->[com.google.android.gms:play-services-auth:16.0.1] AndroidManifest.xml:23:9-27:75
193            android:name="com.google.android.gms.auth.api.signin.internal.SignInHubActivity"
193-->[com.google.android.gms:play-services-auth:16.0.1] AndroidManifest.xml:24:13-93
194            android:excludeFromRecents="true"
194-->[com.google.android.gms:play-services-auth:16.0.1] AndroidManifest.xml:25:13-46
195            android:exported="false"
195-->[com.google.android.gms:play-services-auth:16.0.1] AndroidManifest.xml:26:13-37
196            android:theme="@android:style/Theme.Translucent.NoTitleBar" />
196-->[com.google.android.gms:play-services-auth:16.0.1] AndroidManifest.xml:27:13-72
197        <!--
198            Service handling Google Sign-In user revocation. For apps that do not integrate with
199            Google Sign-In, this service will never be started.
200        -->
201        <service
201-->[com.google.android.gms:play-services-auth:16.0.1] AndroidManifest.xml:33:9-36:110
202            android:name="com.google.android.gms.auth.api.signin.RevocationBoundService"
202-->[com.google.android.gms:play-services-auth:16.0.1] AndroidManifest.xml:34:13-89
203            android:exported="true"
203-->[com.google.android.gms:play-services-auth:16.0.1] AndroidManifest.xml:35:13-36
204            android:permission="com.google.android.gms.auth.api.signin.permission.REVOCATION_NOTIFICATION" />
204-->[com.google.android.gms:play-services-auth:16.0.1] AndroidManifest.xml:36:13-107
205
206        <meta-data
206-->[com.onesignal:OneSignal:3.13.2] AndroidManifest.xml:49:9-51:51
207            android:name="onesignal_app_id"
207-->[com.onesignal:OneSignal:3.13.2] AndroidManifest.xml:50:13-44
208            android:value="" /> <!-- Deprecated - Pulled from OneSignal dashboard. -->
208-->[com.onesignal:OneSignal:3.13.2] AndroidManifest.xml:51:13-48
209        <meta-data
209-->[com.onesignal:OneSignal:3.13.2] AndroidManifest.xml:53:9-55:70
210            android:name="onesignal_google_project_number"
210-->[com.onesignal:OneSignal:3.13.2] AndroidManifest.xml:54:13-59
211            android:value="str:REMOTE" />
211-->[com.onesignal:OneSignal:3.13.2] AndroidManifest.xml:55:13-67
212
213        <receiver
213-->[com.onesignal:OneSignal:3.13.2] AndroidManifest.xml:57:9-67:20
214            android:name="com.onesignal.GcmBroadcastReceiver"
214-->[com.onesignal:OneSignal:3.13.2] AndroidManifest.xml:58:13-62
215            android:permission="com.google.android.c2dm.permission.SEND" >
215-->[com.onesignal:OneSignal:3.13.2] AndroidManifest.xml:59:13-73
216
217            <!-- High priority so OneSignal payloads can be filtered from other GCM receivers if filterOtherGCMReceivers is enabled. -->
218            <intent-filter android:priority="999" >
218-->[com.onesignal:OneSignal:3.13.2] AndroidManifest.xml:62:13-66:29
218-->[com.onesignal:OneSignal:3.13.2] AndroidManifest.xml:62:28-50
219                <action android:name="com.google.android.c2dm.intent.RECEIVE" />
219-->[com.onesignal:OneSignal:3.13.2] AndroidManifest.xml:63:17-81
219-->[com.onesignal:OneSignal:3.13.2] AndroidManifest.xml:63:25-78
220
221                <category android:name="com.simicart" />
221-->[com.onesignal:OneSignal:3.13.2] AndroidManifest.xml:65:17-61
221-->[com.onesignal:OneSignal:3.13.2] AndroidManifest.xml:65:27-58
222            </intent-filter>
223        </receiver>
224        <receiver android:name="com.onesignal.NotificationOpenedReceiver" />
224-->[com.onesignal:OneSignal:3.13.2] AndroidManifest.xml:68:9-77
224-->[com.onesignal:OneSignal:3.13.2] AndroidManifest.xml:68:19-74
225
226        <service android:name="com.onesignal.GcmIntentService" />
226-->[com.onesignal:OneSignal:3.13.2] AndroidManifest.xml:70:9-66
226-->[com.onesignal:OneSignal:3.13.2] AndroidManifest.xml:70:18-63
227        <service
227-->[com.onesignal:OneSignal:3.13.2] AndroidManifest.xml:71:9-73:72
228            android:name="com.onesignal.GcmIntentJobService"
228-->[com.onesignal:OneSignal:3.13.2] AndroidManifest.xml:72:13-61
229            android:permission="android.permission.BIND_JOB_SERVICE" />
229-->[com.onesignal:OneSignal:3.13.2] AndroidManifest.xml:73:13-69
230        <service
230-->[com.onesignal:OneSignal:3.13.2] AndroidManifest.xml:74:9-76:72
231            android:name="com.onesignal.RestoreJobService"
231-->[com.onesignal:OneSignal:3.13.2] AndroidManifest.xml:75:13-59
232            android:permission="android.permission.BIND_JOB_SERVICE" />
232-->[com.onesignal:OneSignal:3.13.2] AndroidManifest.xml:76:13-69
233        <service
233-->[com.onesignal:OneSignal:3.13.2] AndroidManifest.xml:77:9-79:72
234            android:name="com.onesignal.RestoreKickoffJobService"
234-->[com.onesignal:OneSignal:3.13.2] AndroidManifest.xml:78:13-66
235            android:permission="android.permission.BIND_JOB_SERVICE" />
235-->[com.onesignal:OneSignal:3.13.2] AndroidManifest.xml:79:13-69
236        <service
236-->[com.onesignal:OneSignal:3.13.2] AndroidManifest.xml:80:9-82:43
237            android:name="com.onesignal.SyncService"
237-->[com.onesignal:OneSignal:3.13.2] AndroidManifest.xml:81:13-53
238            android:stopWithTask="true" />
238-->[com.onesignal:OneSignal:3.13.2] AndroidManifest.xml:82:13-40
239        <service
239-->[com.onesignal:OneSignal:3.13.2] AndroidManifest.xml:83:9-85:72
240            android:name="com.onesignal.SyncJobService"
240-->[com.onesignal:OneSignal:3.13.2] AndroidManifest.xml:84:13-56
241            android:permission="android.permission.BIND_JOB_SERVICE" />
241-->[com.onesignal:OneSignal:3.13.2] AndroidManifest.xml:85:13-69
242
243        <activity
243-->[com.onesignal:OneSignal:3.13.2] AndroidManifest.xml:87:9-89:75
244            android:name="com.onesignal.PermissionsActivity"
244-->[com.onesignal:OneSignal:3.13.2] AndroidManifest.xml:88:13-61
245            android:theme="@android:style/Theme.Translucent.NoTitleBar" />
245-->[com.onesignal:OneSignal:3.13.2] AndroidManifest.xml:89:13-72
246
247        <service android:name="com.onesignal.NotificationRestoreService" />
247-->[com.onesignal:OneSignal:3.13.2] AndroidManifest.xml:91:9-76
247-->[com.onesignal:OneSignal:3.13.2] AndroidManifest.xml:91:18-73
248
249        <receiver android:name="com.onesignal.BootUpReceiver" >
249-->[com.onesignal:OneSignal:3.13.2] AndroidManifest.xml:93:9-98:20
249-->[com.onesignal:OneSignal:3.13.2] AndroidManifest.xml:93:19-62
250            <intent-filter>
250-->[com.onesignal:OneSignal:3.13.2] AndroidManifest.xml:94:13-97:29
251                <action android:name="android.intent.action.BOOT_COMPLETED" />
251-->[com.onesignal:OneSignal:3.13.2] AndroidManifest.xml:95:17-79
251-->[com.onesignal:OneSignal:3.13.2] AndroidManifest.xml:95:25-76
252                <action android:name="android.intent.action.QUICKBOOT_POWERON" />
252-->[com.onesignal:OneSignal:3.13.2] AndroidManifest.xml:96:17-82
252-->[com.onesignal:OneSignal:3.13.2] AndroidManifest.xml:96:25-79
253            </intent-filter>
254        </receiver>
255        <receiver android:name="com.onesignal.UpgradeReceiver" >
255-->[com.onesignal:OneSignal:3.13.2] AndroidManifest.xml:99:9-103:20
255-->[com.onesignal:OneSignal:3.13.2] AndroidManifest.xml:99:19-63
256            <intent-filter>
256-->[com.onesignal:OneSignal:3.13.2] AndroidManifest.xml:100:13-102:29
257                <action android:name="android.intent.action.MY_PACKAGE_REPLACED" />
257-->[com.onesignal:OneSignal:3.13.2] AndroidManifest.xml:101:17-84
257-->[com.onesignal:OneSignal:3.13.2] AndroidManifest.xml:101:25-81
258            </intent-filter>
259        </receiver>
260        <!--
261             FirebaseMessagingService performs security checks at runtime,
262             but set to not exported to explicitly avoid allowing another app to call it.
263        -->
264        <service
264-->[com.google.firebase:firebase-messaging:20.0.0] AndroidManifest.xml:28:9-34:19
265            android:name="com.google.firebase.messaging.FirebaseMessagingService"
265-->[com.google.firebase:firebase-messaging:20.0.0] AndroidManifest.xml:29:13-82
266            android:exported="false" >
266-->[com.google.firebase:firebase-messaging:20.0.0] AndroidManifest.xml:30:13-37
267            <intent-filter android:priority="-500" >
267-->[com.google.firebase:firebase-messaging:20.0.0] AndroidManifest.xml:31:13-33:29
267-->[com.google.firebase:firebase-messaging:20.0.0] AndroidManifest.xml:31:28-51
268                <action android:name="com.google.firebase.MESSAGING_EVENT" />
268-->[com.google.firebase:firebase-messaging:20.0.0] AndroidManifest.xml:32:17-78
268-->[com.google.firebase:firebase-messaging:20.0.0] AndroidManifest.xml:32:25-75
269            </intent-filter>
270        </service>
271
272        <receiver
272-->[com.google.firebase:firebase-iid:20.0.0] AndroidManifest.xml:37:9-44:20
273            android:name="com.google.firebase.iid.FirebaseInstanceIdReceiver"
273-->[com.google.firebase:firebase-iid:20.0.0] AndroidManifest.xml:38:13-78
274            android:exported="true"
274-->[com.google.firebase:firebase-iid:20.0.0] AndroidManifest.xml:39:13-36
275            android:permission="com.google.android.c2dm.permission.SEND" >
275-->[com.google.firebase:firebase-iid:20.0.0] AndroidManifest.xml:40:13-73
276            <intent-filter>
276-->[com.google.firebase:firebase-iid:20.0.0] AndroidManifest.xml:41:13-43:29
277                <action android:name="com.google.android.c2dm.intent.RECEIVE" />
277-->[com.onesignal:OneSignal:3.13.2] AndroidManifest.xml:63:17-81